<?xml version="1.0" encoding="UTF-8"?>
<testsuite name="agh.ics.oop.movement" tests="2" skipped="0" failures="0" errors="0" timestamp="2023-01-24T22:01:15" hostname="MacBook-Pro-Joanna-3.local" time="0.083">
  <properties/>
  <testcase name="Test1()" classname="agh.ics.oop.movement" time="0.06"/>
  <testcase name="Test2()" classname="agh.ics.oop.movement" time="0.022"/>
  <system-out><![CDATA[10
10
]]></system-out>
  <system-err><![CDATA[]]></system-err>
</testsuite>
